<?xml version="1.0" encoding="UTF-8"?>
<!-- Generated by org.testng.reporters.JUnitReportReporter -->
<testsuite hostname="Nurs-Air.hsd1.md.comcast.net" failures="0" tests="31" name="org.example.testflows.OrangeHRMTestFlow" time="443.437" errors="0" timestamp="22 Jun 2021 01:16:17 GMT" skipped="0">
  <testcase classname="org.example.testflows.OrangeHRMTestFlow" name="loginTest" time="9.286"/>
  <testcase classname="org.example.testflows.OrangeHRMTestFlow" name="resetPasswordTest" time="9.990"/>
  <testcase classname="org.example.testflows.OrangeHRMTestFlow" name="invalidPasswordTest" time="6.744"/>
  <testcase classname="org.example.testflows.OrangeHRMTestFlow" name="invalidUsernameTest" time="7.651"/>
  <testcase classname="org.example.testflows.OrangeHRMTestFlow" name="emptyUsernameTest" time="4.775"/>
  <testcase classname="org.example.testflows.OrangeHRMTestFlow" name="emptyPasswordTest" time="5.163"/>
  <testcase classname="org.example.testflows.OrangeHRMTestFlow" name="passwordResettingErrorTest" time="4.865"/>
  <testcase classname="org.example.testflows.OrangeHRMTestFlow" name="passwordResettingErrorWithSpecialCharacterTest" time="5.370"/>
  <testcase classname="org.example.testflows.OrangeHRMTestFlow" name="validateLoginPageTextTest" time="8.821"/>
  <testcase classname="org.example.testflows.OrangeHRMTestFlow" name="validateDashboardPageLinksTest" time="16.685"/>
  <testcase classname="org.example.testflows.OrangeHRMTestFlow" name="validateMyInfoPageTest" time="20.572"/>
  <testcase classname="org.example.testflows.OrangeHRMTestFlow" name="editMyPersonalInfoTest" time="14.489"/>
  <testcase classname="org.example.testflows.OrangeHRMTestFlow" name="editCustomFieldTest" time="16.400"/>
  <testcase classname="org.example.testflows.OrangeHRMTestFlow" name="editContactDetailsTest" time="19.397"/>
  <testcase classname="org.example.testflows.OrangeHRMTestFlow" name="addEmergencyContactsTest" time="14.919"/>
  <testcase classname="org.example.testflows.OrangeHRMTestFlow" name="addDependentsTest" time="14.269"/>
  <testcase classname="org.example.testflows.OrangeHRMTestFlow" name="addImmigrantRecordsTest" time="22.357"/>
  <testcase classname="org.example.testflows.OrangeHRMTestFlow" name="deleteImmigrationRecordTest" time="11.267"/>
  <testcase classname="org.example.testflows.OrangeHRMTestFlow" name="validateAdminPageTest" time="33.994"/>
  <testcase classname="org.example.testflows.OrangeHRMTestFlow" name="addSystemUserTest" time="14.633"/>
  <testcase classname="org.example.testflows.OrangeHRMTestFlow" name="searchSystemUserTest" time="13.285"/>
  <testcase classname="org.example.testflows.OrangeHRMTestFlow" name="searchInvalidUserTest" time="11.177"/>
  <testcase classname="org.example.testflows.OrangeHRMTestFlow" name="addJobTitleTest" time="13.532"/>
  <testcase classname="org.example.testflows.OrangeHRMTestFlow" name="deleteJobTitleTest" time="15.074"/>
  <testcase classname="org.example.testflows.OrangeHRMTestFlow" name="validatePIMPageTest" time="18.066"/>
  <testcase classname="org.example.testflows.OrangeHRMTestFlow" name="addEmployeeTest" time="13.586"/>
  <testcase classname="org.example.testflows.OrangeHRMTestFlow" name="searchEmployeeTest" time="10.980"/>
  <testcase classname="org.example.testflows.OrangeHRMTestFlow" name="validateLeavePageTest" time="26.845"/>
  <testcase classname="org.example.testflows.OrangeHRMTestFlow" name="assignListTest" time="18.835"/>
  <testcase classname="org.example.testflows.OrangeHRMTestFlow" name="searchLeaveListTest" time="15.808"/>
  <testcase classname="org.example.testflows.OrangeHRMTestFlow" name="validateTimePageTest" time="24.602"/>
</testsuite> <!-- org.example.testflows.OrangeHRMTestFlow -->
